[
  {
    "level": "INFO",
    "message": "android.ndkVersion from module build.gradle is 21.0.6113669"
  },
  {
    "level": "INFO",
    "message": "ndk.dir in local.properties is not set"
  },
  {
    "level": "INFO",
    "message": "ANDROID_NDK_HOME environment variable is not set"
  },
  {
    "level": "INFO",
    "message": "sdkFolder is /home/nodog/Android/Sdk"
  },
  {
    "level": "INFO",
    "message": "Considering /home/nodog/Android/Sdk/ndk-bundle in SDK ndk-bundle folder"
  },
  {
    "level": "INFO",
    "message": "Considering /home/nodog/Android/Sdk/ndk/android-ndk-r11c-linux-x86_64 in SDK ndk folder"
  },
  {
    "level": "INFO",
    "message": "Considering /home/nodog/Android/Sdk/ndk/android-ndk-r17c-linux-x86_64 in SDK ndk folder"
  },
  {
    "level": "INFO",
    "message": "Considering /home/nodog/Android/Sdk/ndk/21.0.6113669 in SDK ndk folder"
  },
  {
    "level": "INFO",
    "message": "Considering /home/nodog/Android/Sdk/ndk/android-ndk-r21d-linux-x86_64 in SDK ndk folder"
  },
  {
    "level": "INFO",
    "message": "Considering /home/nodog/Android/Sdk/ndk/16.1.4479499 in SDK ndk folder"
  },
  {
    "level": "INFO",
    "message": "Rejected /home/nodog/Android/Sdk/ndk-bundle in SDK ndk-bundle folder because that location has no source.properties"
  },
  {
    "level": "INFO",
    "message": "Rejected /home/nodog/Android/Sdk/ndk/android-ndk-r11c-linux-x86_64 in SDK ndk folder because that location has no source.properties"
  },
  {
    "level": "INFO",
    "message": "Rejected /home/nodog/Android/Sdk/ndk/android-ndk-r17c-linux-x86_64 in SDK ndk folder because that location has no source.properties"
  },
  {
    "level": "INFO",
    "message": "Rejected /home/nodog/Android/Sdk/ndk/android-ndk-r21d-linux-x86_64 in SDK ndk folder because that location has no source.properties"
  },
  {
    "level": "INFO",
    "message": "Found requested NDK version 21.0.6113669 at /home/nodog/Android/Sdk/ndk/21.0.6113669"
  }
]