[
  {
    "level": "INFO",
    "message": "android.ndkVersion from module build.gradle is 16.1.4479499"
  },
  {
    "level": "INFO",
    "message": "ndk.dir in local.properties is /home/nodog/VENV/opt/android-ndk-r15c"
  },
  {
    "level": "INFO",
    "message": "ANDROID_NDK_HOME environment variable is not set"
  },
  {
    "level": "INFO",
    "message": "sdkFolder is /home/nodog/Android/Sdk"
  },
  {
    "level": "INFO",
    "message": "Considering /home/nodog/VENV/opt/android-ndk-r15c by ndk.dir"
  },
  {
    "level": "INFO",
    "message": "Considering /home/nodog/Android/Sdk/ndk-bundle in SDK ndk-bundle folder"
  },
  {
    "level": "INFO",
    "message": "Considering /home/nodog/Android/Sdk/ndk/android-ndk-r11c-linux-x86_64 in SDK ndk folder"
  },
  {
    "level": "INFO",
    "message": "Considering /home/nodog/Android/Sdk/ndk/21.1.6352462 in SDK ndk folder"
  },
  {
    "level": "INFO",
    "message": "Considering /home/nodog/Android/Sdk/ndk/android-ndk-r17c-linux-x86_64 in SDK ndk folder"
  },
  {
    "level": "INFO",
    "message": "Considering /home/nodog/Android/Sdk/ndk/android-ndk-r21d-linux-x86_64 in SDK ndk folder"
  },
  {
    "level": "INFO",
    "message": "Considering /home/nodog/Android/Sdk/ndk/16.1.4479499 in SDK ndk folder"
  },
  {
    "level": "INFO",
    "message": "Rejected /home/nodog/Android/Sdk/ndk-bundle in SDK ndk-bundle folder because that location has no source.properties"
  },
  {
    "level": "INFO",
    "message": "Rejected /home/nodog/Android/Sdk/ndk/android-ndk-r11c-linux-x86_64 in SDK ndk folder because that location has no source.properties"
  },
  {
    "level": "INFO",
    "message": "Rejected /home/nodog/Android/Sdk/ndk/android-ndk-r17c-linux-x86_64 in SDK ndk folder because that location has no source.properties"
  },
  {
    "level": "INFO",
    "message": "Rejected /home/nodog/Android/Sdk/ndk/android-ndk-r21d-linux-x86_64 in SDK ndk folder because that location has no source.properties"
  },
  {
    "level": "ERROR",
    "message": "Requested NDK version 16.1.4479499 did not match the version 15.2.4203891 requested by ndk.dir at /home/nodog/VENV/opt/android-ndk-r15c"
  }
]