[
  {
    "level": "INFO",
    "message": "android.ndkVersion from module build.gradle is [21.3.6528147]"
  },
  {
    "level": "INFO",
    "message": "android.ndkPath from module build.gradle is not set"
  },
  {
    "level": "INFO",
    "message": "ndk.dir in local.properties is /home/nodog/VENV/opt/android-ndk-r15c"
  },
  {
    "level": "INFO",
    "message": "Not considering ANDROID_NDK_HOME because support was removed after deprecation period."
  },
  {
    "level": "INFO",
    "message": "sdkFolder is /home/nodog/Android/Sdk"
  },
  {
    "level": "ERROR",
    "message": "NDK from ndk.dir at /home/nodog/VENV/opt/android-ndk-r15c had version [15.2.4203891] which disagrees with android.ndkVersion [21.3.6528147]"
  }
]