[
  {
    "level": "INFO",
    "message": "android.ndkVersion from module build.gradle is 21.3.6528147"
  },
  {
    "level": "INFO",
    "message": "ndk.dir in local.properties is /home/nodog/Android/Sdk/ndk/21.3.6528147"
  },
  {
    "level": "INFO",
    "message": "ANDROID_NDK_HOME environment variable is not set"
  },
  {
    "level": "INFO",
    "message": "sdkFolder is /home/nodog/Android/Sdk"
  },
  {
    "level": "INFO",
    "message": "Considering /home/nodog/Android/Sdk/ndk/21.3.6528147 by ndk.dir"
  },
  {
    "level": "INFO",
    "message": "Considering /home/nodog/Android/Sdk/ndk-bundle in SDK ndk-bundle folder"
  },
  {
    "level": "INFO",
    "message": "Considering /home/nodog/Android/Sdk/ndk/21.3.6528147 in SDK ndk folder"
  },
  {
    "level": "INFO",
    "message": "Considering /home/nodog/Android/Sdk/ndk/android-ndk-r17c-linux-x86_64 in SDK ndk folder"
  },
  {
    "level": "INFO",
    "message": "Considering /home/nodog/Android/Sdk/ndk/21.2.6472646 in SDK ndk folder"
  },
  {
    "level": "INFO",
    "message": "Considering /home/nodog/Android/Sdk/ndk/21.0.6113669 in SDK ndk folder"
  },
  {
    "level": "INFO",
    "message": "Considering /home/nodog/Android/Sdk/ndk/android-ndk-r21d-linux-x86_64 in SDK ndk folder"
  },
  {
    "level": "INFO",
    "message": "Rejected /home/nodog/Android/Sdk/ndk-bundle in SDK ndk-bundle folder because that location has no source.properties"
  },
  {
    "level": "INFO",
    "message": "Rejected /home/nodog/Android/Sdk/ndk/android-ndk-r17c-linux-x86_64 in SDK ndk folder because that location has no source.properties"
  },
  {
    "level": "INFO",
    "message": "Rejected /home/nodog/Android/Sdk/ndk/android-ndk-r21d-linux-x86_64 in SDK ndk folder because that location has no source.properties"
  },
  {
    "level": "INFO",
    "message": "Choosing /home/nodog/Android/Sdk/ndk/21.3.6528147 from ndk.dir which had the requested version 21.3.6528147"
  }
]