[
  {
    "level": "INFO",
    "message": "android.ndkVersion from module build.gradle is not set"
  },
  {
    "level": "INFO",
    "message": "ndk.dir in local.properties is /home/nodog/VENV/opt/android-ndk-r15c"
  },
  {
    "level": "INFO",
    "message": "ANDROID_NDK_HOME environment variable is not set"
  },
  {
    "level": "INFO",
    "message": "sdkFolder is /home/nodog/Android/Sdk"
  },
  {
    "level": "INFO",
    "message": "Considering /home/nodog/VENV/opt/android-ndk-r15c by ndk.dir"
  },
  {
    "level": "INFO",
    "message": "Considering /home/nodog/Android/Sdk/ndk-bundle in SDK ndk-bundle folder"
  },
  {
    "level": "INFO",
    "message": "Considering /home/nodog/Android/Sdk/ndk/android-ndk-r11c-linux-x86_64 in SDK ndk folder"
  },
  {
    "level": "INFO",
    "message": "Considering /home/nodog/Android/Sdk/ndk/21.3.6528147 in SDK ndk folder"
  },
  {
    "level": "INFO",
    "message": "Considering /home/nodog/Android/Sdk/ndk/21.1.6352462 in SDK ndk folder"
  },
  {
    "level": "INFO",
    "message": "Considering /home/nodog/Android/Sdk/ndk/android-ndk-r17c-linux-x86_64 in SDK ndk folder"
  },
  {
    "level": "INFO",
    "message": "Considering /home/nodog/Android/Sdk/ndk/21.2.6472646 in SDK ndk folder"
  },
  {
    "level": "INFO",
    "message": "Considering /home/nodog/Android/Sdk/ndk/21.0.6113669 in SDK ndk folder"
  },
  {
    "level": "INFO",
    "message": "Considering /home/nodog/Android/Sdk/ndk/android-ndk-r19c-linux-x86_64 in SDK ndk folder"
  },
  {
    "level": "INFO",
    "message": "Considering /home/nodog/Android/Sdk/ndk/android-ndk-r21d-linux-x86_64 in SDK ndk folder"
  },
  {
    "level": "INFO",
    "message": "Rejected /home/nodog/Android/Sdk/ndk-bundle in SDK ndk-bundle folder because that location has no source.properties"
  },
  {
    "level": "INFO",
    "message": "Rejected /home/nodog/Android/Sdk/ndk/android-ndk-r11c-linux-x86_64 in SDK ndk folder because that location has no source.properties"
  },
  {
    "level": "INFO",
    "message": "Rejected /home/nodog/Android/Sdk/ndk/android-ndk-r17c-linux-x86_64 in SDK ndk folder because that location has no source.properties"
  },
  {
    "level": "INFO",
    "message": "Rejected /home/nodog/Android/Sdk/ndk/android-ndk-r19c-linux-x86_64 in SDK ndk folder because that location has no source.properties"
  },
  {
    "level": "INFO",
    "message": "Rejected /home/nodog/Android/Sdk/ndk/android-ndk-r21d-linux-x86_64 in SDK ndk folder because that location has no source.properties"
  },
  {
    "level": "INFO",
    "message": "Found requested ndk.dir (/home/nodog/VENV/opt/android-ndk-r15c) which has version 15.2.4203891"
  }
]